<?xml version="1.0" encoding="UTF-8"?>
<!-- Generated by org.testng.reporters.JUnitReportReporter -->
<testsuite hostname="DESKTOP-DV3CND2" failures="0" tests="1" name="fab.POSTMethod" time="5.417" errors="0" timestamp="2023-10-12T13:16:54 IST" skipped="0">
  <testcase classname="fab.POSTMethod" name="CreateUser" time="5.417"/>
</testsuite> <!-- fab.POSTMethod -->
