<?xml version="1.0" encoding="UTF-8"?>
<!-- Generated by org.testng.reporters.JUnitReportReporter -->
<testsuite hostname="DESKTOP-DV3CND2" failures="0" tests="1" name="fab.PostMethodTest" time="4.122" errors="0" timestamp="2023-06-19T12:08:51 IST" skipped="0">
  <testcase classname="fab.PostMethodTest" name="GetUserList" time="4.122"/>
  <system-out/>
</testsuite> <!-- fab.PostMethodTest -->
