<?xml version="1.0" encoding="UTF-8"?>
<!-- Generated by org.testng.reporters.JUnitReportReporter -->
<testsuite hostname="DESKTOP-DV3CND2" failures="0" tests="1" name="fab.Fabiha" time="5.315" errors="0" timestamp="2023-10-12T13:14:29 IST" skipped="0">
  <testcase classname="fab.Fabiha" name="GetUserList" time="5.315"/>
  <system-out/>
</testsuite> <!-- fab.Fabiha -->
